<?xml version="1.0" encoding="UTF-8"?>
<coverage generated="1612261318534" clover="3.2.0">
  <project timestamp="1612261318534" name="All files">
    <metrics statements="93" coveredstatements="37" conditionals="47" coveredconditionals="5" methods="36" coveredmethods="13" elements="176" coveredelements="55" complexity="0" loc="93" ncloc="93" packages="4" files="12" classes="12"/>
    <package name="src">
      <metrics statements="41" coveredstatements="1" conditionals="32" coveredconditionals="0" methods="16" coveredmethods="1"/>
      <file name="App.js" path="/Users/simonbillet/Documents/LicencePro/DWJSA/ProjetPokemon/my-app/src/App.js">
        <metrics statements="1" coveredstatements="1" conditionals="0" coveredconditionals="0" methods="1" coveredmethods="1"/>
        <line num="12" count="1" type="stmt"/>
      </file>
      <file name="index.js" path="/Users/simonbillet/Documents/LicencePro/DWJSA/ProjetPokemon/my-app/src/index.js">
        <metrics statements="2" coveredstatements="0" conditionals="0" coveredconditionals="0" methods="0" coveredmethods="0"/>
        <line num="9" count="0" type="stmt"/>
        <line num="21" count="0" type="stmt"/>
      </file>
      <file name="serviceWorker.js" path="/Users/simonbillet/Documents/LicencePro/DWJSA/ProjetPokemon/my-app/src/serviceWorker.js">
        <metrics statements="38" coveredstatements="0" conditionals="32" coveredconditionals="0" methods="15" coveredmethods="0"/>
        <line num="13" count="0" type="stmt"/>
        <line num="24" count="0" type="cond" truecount="0" falsecount="4"/>
        <line num="26" count="0" type="stmt"/>
        <line num="27" count="0" type="cond" truecount="0" falsecount="2"/>
        <line num="31" count="0" type="stmt"/>
        <line num="34" count="0" type="stmt"/>
        <line num="35" count="0" type="stmt"/>
        <line num="37" count="0" type="cond" truecount="0" falsecount="2"/>
        <line num="39" count="0" type="stmt"/>
        <line num="43" count="0" type="stmt"/>
        <line num="44" count="0" type="stmt"/>
        <line num="51" count="0" type="stmt"/>
        <line num="58" count="0" type="stmt"/>
        <line num="61" count="0" type="stmt"/>
        <line num="62" count="0" type="stmt"/>
        <line num="63" count="0" type="cond" truecount="0" falsecount="2"/>
        <line num="64" count="0" type="stmt"/>
        <line num="66" count="0" type="stmt"/>
        <line num="67" count="0" type="cond" truecount="0" falsecount="2"/>
        <line num="68" count="0" type="cond" truecount="0" falsecount="2"/>
        <line num="72" count="0" type="stmt"/>
        <line num="78" count="0" type="cond" truecount="0" falsecount="4"/>
        <line num="79" count="0" type="stmt"/>
        <line num="85" count="0" type="stmt"/>
        <line num="88" count="0" type="cond" truecount="0" falsecount="4"/>
        <line num="89" count="0" type="stmt"/>
        <line num="97" count="0" type="stmt"/>
        <line num="103" count="0" type="stmt"/>
        <line num="108" count="0" type="stmt"/>
        <line num="109" count="0" type="cond" truecount="0" falsecount="2"/>
        <line num="114" count="0" type="stmt"/>
        <line num="115" count="0" type="stmt"/>
        <line num="116" count="0" type="stmt"/>
        <line num="121" count="0" type="stmt"/>
        <line num="125" count="0" type="stmt"/>
        <line num="132" count="0" type="cond" truecount="0" falsecount="2"/>
        <line num="133" count="0" type="stmt"/>
        <line num="134" count="0" type="stmt"/>
      </file>
    </package>
    <package name="src.api">
      <metrics statements="15" coveredstatements="8" conditionals="11" coveredconditionals="3" methods="3" coveredmethods="2"/>
      <file name="client.js" path="/Users/simonbillet/Documents/LicencePro/DWJSA/ProjetPokemon/my-app/src/api/client.js">
        <metrics statements="15" coveredstatements="8" conditionals="11" coveredconditionals="3" methods="3" coveredmethods="2"/>
        <line num="5" count="1" type="stmt"/>
        <line num="7" count="1" type="stmt"/>
        <line num="16" count="1" type="cond" truecount="1" falsecount="1"/>
        <line num="17" count="0" type="stmt"/>
        <line num="21" count="1" type="stmt"/>
        <line num="22" count="1" type="stmt"/>
        <line num="23" count="0" type="stmt"/>
        <line num="24" count="0" type="cond" truecount="0" falsecount="2"/>
        <line num="25" count="0" type="stmt"/>
        <line num="27" count="0" type="stmt"/>
        <line num="29" count="0" type="cond" truecount="0" falsecount="2"/>
        <line num="33" count="1" type="cond" truecount="1" falsecount="0"/>
        <line num="34" count="1" type="stmt"/>
        <line num="37" count="1" type="cond" truecount="0" falsecount="1"/>
        <line num="38" count="0" type="stmt"/>
      </file>
    </package>
    <package name="src.app">
      <metrics statements="0" coveredstatements="0" conditionals="0" coveredconditionals="0" methods="0" coveredmethods="0"/>
      <file name="store.js" path="/Users/simonbillet/Documents/LicencePro/DWJSA/ProjetPokemon/my-app/src/app/store.js">
        <metrics statements="0" coveredstatements="0" conditionals="0" coveredconditionals="0" methods="0" coveredmethods="0"/>
      </file>
    </package>
    <package name="src.features.documents">
      <metrics statements="37" coveredstatements="28" conditionals="4" coveredconditionals="2" methods="17" coveredmethods="10"/>
      <file name="Accueil.js" path="/Users/simonbillet/Documents/LicencePro/DWJSA/ProjetPokemon/my-app/src/features/documents/Accueil.js">
        <metrics statements="2" coveredstatements="2" conditionals="0" coveredconditionals="0" methods="1" coveredmethods="1"/>
        <line num="7" count="1" type="stmt"/>
        <line num="8" count="1" type="stmt"/>
      </file>
      <file name="BarreDeRecherche.js" path="/Users/simonbillet/Documents/LicencePro/DWJSA/ProjetPokemon/my-app/src/features/documents/BarreDeRecherche.js">
        <metrics statements="12" coveredstatements="10" conditionals="4" coveredconditionals="2" methods="4" coveredmethods="2"/>
        <line num="5" count="1" type="stmt"/>
        <line num="6" count="2" type="stmt"/>
        <line num="8" count="2" type="stmt"/>
        <line num="10" count="2" type="stmt"/>
        <line num="11" count="2" type="stmt"/>
        <line num="13" count="2" type="stmt"/>
        <line num="14" count="2" type="cond" truecount="2" falsecount="0"/>
        <line num="15" count="1" type="stmt"/>
        <line num="21" count="2" type="stmt"/>
        <line num="22" count="0" type="cond" truecount="0" falsecount="2"/>
        <line num="23" count="0" type="stmt"/>
        <line num="29" count="2" type="stmt"/>
      </file>
      <file name="ListeDesTypes.js" path="/Users/simonbillet/Documents/LicencePro/DWJSA/ProjetPokemon/my-app/src/features/documents/ListeDesTypes.js">
        <metrics statements="2" coveredstatements="2" conditionals="0" coveredconditionals="0" methods="1" coveredmethods="1"/>
        <line num="3" count="1" type="stmt"/>
        <line num="4" count="1" type="stmt"/>
      </file>
      <file name="PokemonRandom.js" path="/Users/simonbillet/Documents/LicencePro/DWJSA/ProjetPokemon/my-app/src/features/documents/PokemonRandom.js">
        <metrics statements="2" coveredstatements="2" conditionals="0" coveredconditionals="0" methods="1" coveredmethods="1"/>
        <line num="3" count="1" type="stmt"/>
        <line num="4" count="1" type="stmt"/>
      </file>
      <file name="ResultatRecherche.js" path="/Users/simonbillet/Documents/LicencePro/DWJSA/ProjetPokemon/my-app/src/features/documents/ResultatRecherche.js">
        <metrics statements="3" coveredstatements="3" conditionals="0" coveredconditionals="0" methods="1" coveredmethods="1"/>
        <line num="6" count="1" type="stmt"/>
        <line num="7" count="1" type="stmt"/>
        <line num="9" count="1" type="stmt"/>
      </file>
      <file name="documentsSlice.js" path="/Users/simonbillet/Documents/LicencePro/DWJSA/ProjetPokemon/my-app/src/features/documents/documentsSlice.js">
        <metrics statements="14" coveredstatements="9" conditionals="0" coveredconditionals="0" methods="8" coveredmethods="4"/>
        <line num="4" count="1" type="stmt"/>
        <line num="14" count="1" type="stmt"/>
        <line num="16" count="1" type="stmt"/>
        <line num="17" count="0" type="stmt"/>
        <line num="20" count="1" type="stmt"/>
        <line num="25" count="0" type="stmt"/>
        <line num="28" count="0" type="stmt"/>
        <line num="33" count="1" type="stmt"/>
        <line num="36" count="0" type="stmt"/>
        <line num="38" count="0" type="stmt"/>
        <line num="43" count="1" type="stmt"/>
        <line num="45" count="4" type="stmt"/>
        <line num="47" count="5" type="stmt"/>
        <line num="49" count="1" type="stmt"/>
      </file>
      <file name="spinnerDeRecherche.js" path="/Users/simonbillet/Documents/LicencePro/DWJSA/ProjetPokemon/my-app/src/features/documents/spinnerDeRecherche.js">
        <metrics statements="2" coveredstatements="0" conditionals="0" coveredconditionals="0" methods="1" coveredmethods="0"/>
        <line num="3" count="0" type="stmt"/>
        <line num="4" count="0" type="stmt"/>
      </file>
    </package>
  </project>
</coverage>
